0 info it worked if it ends with ok
1 verbose cli [ 'node', '/usr/local/bin/npm', 'install', '-g', 'coffee-script' ]
2 info using npm@1.4.14
3 info using node@v0.10.29
4 verbose cache add [ 'coffee-script', null ]
5 verbose cache add name=undefined spec="coffee-script" args=["coffee-script",null]
6 verbose parsed url { protocol: null,
6 verbose parsed url   slashes: null,
6 verbose parsed url   auth: null,
6 verbose parsed url   host: null,
6 verbose parsed url   port: null,
6 verbose parsed url   hostname: null,
6 verbose parsed url   hash: null,
6 verbose parsed url   search: null,
6 verbose parsed url   query: null,
6 verbose parsed url   pathname: 'coffee-script',
6 verbose parsed url   path: 'coffee-script',
6 verbose parsed url   href: 'coffee-script' }
7 silly lockFile ab358269-coffee-script coffee-script
8 verbose lock coffee-script /Users/christopherhuyett/.npm/ab358269-coffee-script.lock
9 silly lockFile ab358269-coffee-script coffee-script
10 silly lockFile ab358269-coffee-script coffee-script
11 verbose addNamed [ 'coffee-script', '' ]
12 verbose addNamed [ null, '*' ]
13 silly lockFile 53951495-coffee-script coffee-script@
14 verbose lock coffee-script@ /Users/christopherhuyett/.npm/53951495-coffee-script.lock
15 silly addNameRange { name: 'coffee-script', range: '*', hasData: false }
16 verbose url raw coffee-script
17 verbose url resolving [ 'https://registry.npmjs.org/', './coffee-script' ]
18 verbose url resolved https://registry.npmjs.org/coffee-script
19 info trying registry request attempt 1 at 15:59:21
20 verbose etag "EUK1ZRY5W9IC0FXHSASRAZZFP"
21 http GET https://registry.npmjs.org/coffee-script
22 http 200 https://registry.npmjs.org/coffee-script
23 silly registry.get cb [ 200,
23 silly registry.get   { date: 'Fri, 08 Aug 2014 19:59:22 GMT',
23 silly registry.get     server: 'CouchDB/1.5.0 (Erlang OTP/R16B03)',
23 silly registry.get     etag: '"C3ZTBO8W0UEURQJ131CMXKW44"',
23 silly registry.get     'content-type': 'application/json',
23 silly registry.get     'cache-control': 'max-age=60',
23 silly registry.get     'content-length': '30966',
23 silly registry.get     'accept-ranges': 'bytes',
23 silly registry.get     via: '1.1 varnish',
23 silly registry.get     age: '141',
23 silly registry.get     'x-served-by': 'cache-jfk1026-JFK',
23 silly registry.get     'x-cache': 'HIT',
23 silly registry.get     'x-cache-hits': '6',
23 silly registry.get     'x-timer': 'S1407527962.866540,VS0,VE0',
23 silly registry.get     vary: 'Accept',
23 silly registry.get     'keep-alive': 'timeout=10, max=50',
23 silly registry.get     connection: 'Keep-Alive' } ]
24 silly addNameRange number 2 { name: 'coffee-script', range: '*', hasData: true }
25 silly addNameRange versions [ 'coffee-script',
25 silly addNameRange   [ '0.7.0',
25 silly addNameRange     '0.7.1',
25 silly addNameRange     '0.7.2',
25 silly addNameRange     '0.9.0',
25 silly addNameRange     '0.9.1',
25 silly addNameRange     '0.9.2',
25 silly addNameRange     '0.9.3',
25 silly addNameRange     '0.9.4',
25 silly addNameRange     '0.9.5',
25 silly addNameRange     '0.9.6',
25 silly addNameRange     '1.0.0',
25 silly addNameRange     '1.0.1',
25 silly addNameRange     '1.1.0',
25 silly addNameRange     '1.1.1',
25 silly addNameRange     '1.1.2',
25 silly addNameRange     '1.1.3',
25 silly addNameRange     '1.2.0',
25 silly addNameRange     '1.3.0',
25 silly addNameRange     '1.3.1',
25 silly addNameRange     '1.3.2',
25 silly addNameRange     '1.3.3',
25 silly addNameRange     '1.4.0',
25 silly addNameRange     '1.5.0',
25 silly addNameRange     '1.6.0',
25 silly addNameRange     '1.6.1',
25 silly addNameRange     '1.6.2',
25 silly addNameRange     '1.6.3',
25 silly addNameRange     '1.7.0',
25 silly addNameRange     '1.7.1' ] ]
26 verbose addNamed [ 'coffee-script', '1.7.1' ]
27 verbose addNamed [ '1.7.1', '1.7.1' ]
28 silly lockFile 66cb63a1-coffee-script-1-7-1 coffee-script@1.7.1
29 verbose lock coffee-script@1.7.1 /Users/christopherhuyett/.npm/66cb63a1-coffee-script-1-7-1.lock
30 silly lockFile 66cb63a1-coffee-script-1-7-1 coffee-script@1.7.1
31 silly lockFile 66cb63a1-coffee-script-1-7-1 coffee-script@1.7.1
32 silly lockFile 53951495-coffee-script coffee-script@
33 silly lockFile 53951495-coffee-script coffee-script@
34 silly resolved [ { name: 'coffee-script',
34 silly resolved     description: 'Unfancy JavaScript',
34 silly resolved     keywords: [ 'javascript', 'language', 'coffeescript', 'compiler' ],
34 silly resolved     author: { name: 'Jeremy Ashkenas' },
34 silly resolved     version: '1.7.1',
34 silly resolved     license: 'MIT',
34 silly resolved     engines: { node: '>=0.8.0' },
34 silly resolved     directories: { lib: './lib/coffee-script' },
34 silly resolved     main: './lib/coffee-script/coffee-script',
34 silly resolved     bin: { coffee: './bin/coffee', cake: './bin/cake' },
34 silly resolved     scripts: { test: 'node ./bin/cake test' },
34 silly resolved     homepage: 'http://coffeescript.org',
34 silly resolved     bugs: { url: 'https://github.com/jashkenas/coffee-script/issues' },
34 silly resolved     repository:
34 silly resolved      { type: 'git',
34 silly resolved        url: 'git://github.com/jashkenas/coffee-script.git' },
34 silly resolved     devDependencies:
34 silly resolved      { 'uglify-js': '~2.2',
34 silly resolved        jison: '>=0.2.0',
34 silly resolved        'highlight.js': '~8.0.0',
34 silly resolved        underscore: '~1.5.2' },
34 silly resolved     dependencies: { mkdirp: '~0.3.5' },
34 silly resolved     _id: 'coffee-script@1.7.1',
34 silly resolved     dist:
34 silly resolved      { shasum: '62996a861780c75e6d5069d13822723b73404bfc',
34 silly resolved        tarball: 'http://registry.npmjs.org/coffee-script/-/coffee-script-1.7.1.tgz' },
34 silly resolved     _from: 'coffee-script@',
34 silly resolved     _npmVersion: '1.3.24',
34 silly resolved     _npmUser: { name: 'michaelficarra', email: 'npm@michael.ficarra.me' },
34 silly resolved     maintainers: [ [Object] ],
34 silly resolved     _shasum: '62996a861780c75e6d5069d13822723b73404bfc',
34 silly resolved     _resolved: 'https://registry.npmjs.org/coffee-script/-/coffee-script-1.7.1.tgz',
34 silly resolved     readme: 'ERROR: No README data found!' } ]
35 info install coffee-script@1.7.1 into /usr/local/lib
36 info installOne coffee-script@1.7.1
37 info /usr/local/lib/node_modules/coffee-script unbuild
38 verbose tar unpack /Users/christopherhuyett/.npm/coffee-script/1.7.1/package.tgz
39 silly lockFile 865d9b08-l-lib-node-modules-coffee-script tar:///usr/local/lib/node_modules/coffee-script
40 verbose lock tar:///usr/local/lib/node_modules/coffee-script /Users/christopherhuyett/.npm/865d9b08-l-lib-node-modules-coffee-script.lock
41 silly lockFile 2297c5b2--coffee-script-1-7-1-package-tgz tar:///Users/christopherhuyett/.npm/coffee-script/1.7.1/package.tgz
42 verbose lock tar:///Users/christopherhuyett/.npm/coffee-script/1.7.1/package.tgz /Users/christopherhuyett/.npm/2297c5b2--coffee-script-1-7-1-package-tgz.lock
43 silly gunzTarPerm modes [ '755', '644' ]
44 error Error: EACCES, mkdir '/usr/local/lib/node_modules/coffee-script'
44 error  { [Error: EACCES, mkdir '/usr/local/lib/node_modules/coffee-script']
44 error   errno: 3,
44 error   code: 'EACCES',
44 error   path: '/usr/local/lib/node_modules/coffee-script',
44 error   fstream_type: 'Directory',
44 error   fstream_path: '/usr/local/lib/node_modules/coffee-script',
44 error   fstream_class: 'DirWriter',
44 error   fstream_stack:
44 error    [ '/usr/local/lib/node_modules/npm/node_modules/fstream/lib/dir-writer.js:36:23',
44 error      '/usr/local/lib/node_modules/npm/node_modules/mkdirp/index.js:37:53',
44 error      'Object.oncomplete (fs.js:107:15)' ] }
45 error Please try running this command again as root/Administrator.
46 error System Darwin 13.2.0
47 error command "node" "/usr/local/bin/npm" "install" "-g" "coffee-script"
48 error cwd /Users/christopherhuyett/Desktop/Code/portfolio_2014
49 error node -v v0.10.29
50 error npm -v 1.4.14
51 error path /usr/local/lib/node_modules/coffee-script
52 error fstream_path /usr/local/lib/node_modules/coffee-script
53 error fstream_type Directory
54 error fstream_class DirWriter
55 error code EACCES
56 error errno 3
57 error stack Error: EACCES, mkdir '/usr/local/lib/node_modules/coffee-script'
58 error fstream_stack /usr/local/lib/node_modules/npm/node_modules/fstream/lib/dir-writer.js:36:23
58 error fstream_stack /usr/local/lib/node_modules/npm/node_modules/mkdirp/index.js:37:53
58 error fstream_stack Object.oncomplete (fs.js:107:15)
59 verbose exit [ 3, true ]
